<?xml version="1.0" encoding="UTF-8"?>
<!-- Generated by org.testng.reporters.JUnitReportReporter -->
<testsuite hostname="dell" name="pract.prg1" tests="1" failures="0" timestamp="25 Aug 2019 13:28:43 GMT" time="0.015" errors="0">
  <testcase name="prg1" time="0.015" classname="pract.prg1"/>
</testsuite> <!-- pract.prg1 -->
